2025-08-30 22:30:44,249 - com.litmus7.inventoryfeedv2.controller.InventoryFeedController - [lambda$0] -(INFO) - Thread started for CSV3.csv - 
2025-08-30 22:30:44,266 - com.litmus7.inventoryfeedv2.controller.InventoryFeedController - [lambda$0] -(INFO) - Thread started for CSV2.csv - 
2025-08-30 22:30:44,266 - com.litmus7.inventoryfeedv2.controller.InventoryFeedController - [lambda$0] -(INFO) - Thread started for CSV1.csv - 
2025-08-30 22:30:45,211 - com.litmus7.inventoryfeedv2.dao.InventoryFeedDao - [addProductsInBatch] -(ERROR) - Failed batch insertion - 
java.sql.BatchUpdateException: Duplicate entry '303' for key 'product.PRIMARY'
	at com.mysql.cj.jdbc.exceptions.SQLError.createBatchUpdateException(SQLError.java:214) ~[mysql-connector-j-9.3.0.jar:9.3.0]
	at com.mysql.cj.jdbc.ClientPreparedStatement.executeBatchSerially(ClientPreparedStatement.java:885) ~[mysql-connector-j-9.3.0.jar:9.3.0]
	at com.mysql.cj.jdbc.ClientPreparedStatement.executeBatchInternal(ClientPreparedStatement.java:466) ~[mysql-connector-j-9.3.0.jar:9.3.0]
	at com.mysql.cj.jdbc.StatementImpl.executeBatch(StatementImpl.java:858) ~[mysql-connector-j-9.3.0.jar:9.3.0]
	at com.litmus7.inventoryfeedv2.dao.InventoryFeedDao.addProductsInBatch(InventoryFeedDao.java:34) ~[bin/:?]
	at com.litmus7.inventoryfeedv2.service.Service.loadAndSaveProducts(Service.java:44) ~[bin/:?]
	at com.litmus7.inventoryfeedv2.controller.InventoryFeedController.lambda$0(InventoryFeedController.java:33) ~[bin/:?]
	at java.lang.Thread.run(Thread.java:1583) [?:?]
Caused by: java.sql.SQLIntegrityConstraintViolationException: Duplicate entry '303' for key 'product.PRIMARY'
	at com.mysql.cj.jdbc.exceptions.SQLError.createSQLException(SQLError.java:109) ~[mysql-connector-j-9.3.0.jar:9.3.0]
	at com.mysql.cj.jdbc.exceptions.SQLExceptionsMapping.translateException(SQLExceptionsMapping.java:114) ~[mysql-connector-j-9.3.0.jar:9.3.0]
	at com.mysql.cj.jdbc.ClientPreparedStatement.executeInternal(ClientPreparedStatement.java:990) ~[mysql-connector-j-9.3.0.jar:9.3.0]
	at com.mysql.cj.jdbc.ClientPreparedStatement.executeUpdateInternal(ClientPreparedStatement.java:1168) ~[mysql-connector-j-9.3.0.jar:9.3.0]
	at com.mysql.cj.jdbc.ClientPreparedStatement.executeBatchSerially(ClientPreparedStatement.java:864) ~[mysql-connector-j-9.3.0.jar:9.3.0]
	... 6 more
2025-08-30 22:30:45,211 - com.litmus7.inventoryfeedv2.dao.InventoryFeedDao - [addProductsInBatch] -(ERROR) - Failed batch insertion - 
java.sql.BatchUpdateException: Duplicate entry '103' for key 'product.PRIMARY'
	at com.mysql.cj.jdbc.exceptions.SQLError.createBatchUpdateException(SQLError.java:214) ~[mysql-connector-j-9.3.0.jar:9.3.0]
	at com.mysql.cj.jdbc.ClientPreparedStatement.executeBatchSerially(ClientPreparedStatement.java:885) ~[mysql-connector-j-9.3.0.jar:9.3.0]
	at com.mysql.cj.jdbc.ClientPreparedStatement.executeBatchInternal(ClientPreparedStatement.java:466) ~[mysql-connector-j-9.3.0.jar:9.3.0]
	at com.mysql.cj.jdbc.StatementImpl.executeBatch(StatementImpl.java:858) ~[mysql-connector-j-9.3.0.jar:9.3.0]
	at com.litmus7.inventoryfeedv2.dao.InventoryFeedDao.addProductsInBatch(InventoryFeedDao.java:34) ~[bin/:?]
	at com.litmus7.inventoryfeedv2.service.Service.loadAndSaveProducts(Service.java:44) ~[bin/:?]
	at com.litmus7.inventoryfeedv2.controller.InventoryFeedController.lambda$0(InventoryFeedController.java:33) ~[bin/:?]
	at java.lang.Thread.run(Thread.java:1583) [?:?]
Caused by: java.sql.SQLIntegrityConstraintViolationException: Duplicate entry '103' for key 'product.PRIMARY'
	at com.mysql.cj.jdbc.exceptions.SQLError.createSQLException(SQLError.java:109) ~[mysql-connector-j-9.3.0.jar:9.3.0]
	at com.mysql.cj.jdbc.exceptions.SQLExceptionsMapping.translateException(SQLExceptionsMapping.java:114) ~[mysql-connector-j-9.3.0.jar:9.3.0]
	at com.mysql.cj.jdbc.ClientPreparedStatement.executeInternal(ClientPreparedStatement.java:990) ~[mysql-connector-j-9.3.0.jar:9.3.0]
	at com.mysql.cj.jdbc.ClientPreparedStatement.executeUpdateInternal(ClientPreparedStatement.java:1168) ~[mysql-connector-j-9.3.0.jar:9.3.0]
	at com.mysql.cj.jdbc.ClientPreparedStatement.executeBatchSerially(ClientPreparedStatement.java:864) ~[mysql-connector-j-9.3.0.jar:9.3.0]
	... 6 more
2025-08-30 22:30:45,211 - com.litmus7.inventoryfeedv2.dao.InventoryFeedDao - [addProductsInBatch] -(ERROR) - Failed batch insertion - 
java.sql.BatchUpdateException: Duplicate entry '203' for key 'product.PRIMARY'
	at com.mysql.cj.jdbc.exceptions.SQLError.createBatchUpdateException(SQLError.java:214) ~[mysql-connector-j-9.3.0.jar:9.3.0]
	at com.mysql.cj.jdbc.ClientPreparedStatement.executeBatchSerially(ClientPreparedStatement.java:885) ~[mysql-connector-j-9.3.0.jar:9.3.0]
	at com.mysql.cj.jdbc.ClientPreparedStatement.executeBatchInternal(ClientPreparedStatement.java:466) ~[mysql-connector-j-9.3.0.jar:9.3.0]
	at com.mysql.cj.jdbc.StatementImpl.executeBatch(StatementImpl.java:858) ~[mysql-connector-j-9.3.0.jar:9.3.0]
	at com.litmus7.inventoryfeedv2.dao.InventoryFeedDao.addProductsInBatch(InventoryFeedDao.java:34) ~[bin/:?]
	at com.litmus7.inventoryfeedv2.service.Service.loadAndSaveProducts(Service.java:44) ~[bin/:?]
	at com.litmus7.inventoryfeedv2.controller.InventoryFeedController.lambda$0(InventoryFeedController.java:33) ~[bin/:?]
	at java.lang.Thread.run(Thread.java:1583) [?:?]
Caused by: java.sql.SQLIntegrityConstraintViolationException: Duplicate entry '203' for key 'product.PRIMARY'
	at com.mysql.cj.jdbc.exceptions.SQLError.createSQLException(SQLError.java:109) ~[mysql-connector-j-9.3.0.jar:9.3.0]
	at com.mysql.cj.jdbc.exceptions.SQLExceptionsMapping.translateException(SQLExceptionsMapping.java:114) ~[mysql-connector-j-9.3.0.jar:9.3.0]
	at com.mysql.cj.jdbc.ClientPreparedStatement.executeInternal(ClientPreparedStatement.java:990) ~[mysql-connector-j-9.3.0.jar:9.3.0]
	at com.mysql.cj.jdbc.ClientPreparedStatement.executeUpdateInternal(ClientPreparedStatement.java:1168) ~[mysql-connector-j-9.3.0.jar:9.3.0]
	at com.mysql.cj.jdbc.ClientPreparedStatement.executeBatchSerially(ClientPreparedStatement.java:864) ~[mysql-connector-j-9.3.0.jar:9.3.0]
	... 6 more
2025-08-30 22:33:14,137 - com.litmus7.inventoryfeedv2.controller.InventoryFeedController - [lambda$0] -(INFO) - Thread started for CSV2.csv - 
2025-08-30 22:33:14,137 - com.litmus7.inventoryfeedv2.controller.InventoryFeedController - [lambda$0] -(INFO) - Thread started for CSV3.csv - 
2025-08-30 22:33:14,137 - com.litmus7.inventoryfeedv2.controller.InventoryFeedController - [lambda$0] -(INFO) - Thread started for CSV1.csv - 
2025-08-30 22:33:14,557 - com.litmus7.inventoryfeedv2.dao.InventoryFeedDao - [addProductsInBatch] -(INFO) - Batch inserted successfully - 
2025-08-30 22:33:14,557 - com.litmus7.inventoryfeedv2.dao.InventoryFeedDao - [addProductsInBatch] -(INFO) - Batch inserted successfully - 
2025-08-30 22:33:14,557 - com.litmus7.inventoryfeedv2.dao.InventoryFeedDao - [addProductsInBatch] -(INFO) - Batch inserted successfully - 
2025-08-30 22:33:14,580 - com.litmus7.inventoryfeedv2.controller.InventoryFeedController - [lambda$0] -(INFO) - Thread completed for file: CSV2.csv - 
2025-08-30 22:33:14,580 - com.litmus7.inventoryfeedv2.controller.InventoryFeedController - [lambda$0] -(INFO) - Thread completed for file: CSV1.csv - 
2025-08-30 22:33:14,596 - com.litmus7.inventoryfeedv2.controller.InventoryFeedController - [lambda$0] -(INFO) - Thread completed for file: CSV3.csv - 
2025-08-30 22:42:08,984 - com.litmus7.inventoryfeedv2.controller.InventoryFeedController - [lambda$0] -(INFO) - Thread started for CSV3.csv - 
2025-08-30 22:42:08,984 - com.litmus7.inventoryfeedv2.controller.InventoryFeedController - [lambda$0] -(INFO) - Thread started for CSV2.csv - 
2025-08-30 22:42:08,984 - com.litmus7.inventoryfeedv2.controller.InventoryFeedController - [lambda$0] -(INFO) - Thread started for CSV1.csv - 
2025-08-30 22:42:09,369 - com.litmus7.inventoryfeedv2.dao.InventoryFeedDao - [addProductsInBatch] -(INFO) - Batch inserted successfully - 
2025-08-30 22:42:09,369 - com.litmus7.inventoryfeedv2.dao.InventoryFeedDao - [addProductsInBatch] -(INFO) - Batch inserted successfully - 
2025-08-30 22:42:09,369 - com.litmus7.inventoryfeedv2.dao.InventoryFeedDao - [addProductsInBatch] -(INFO) - Batch inserted successfully - 
2025-08-30 22:42:09,375 - com.litmus7.inventoryfeedv2.controller.InventoryFeedController - [lambda$0] -(INFO) - Thread completed for file: CSV2.csv - 
2025-08-30 22:42:09,393 - com.litmus7.inventoryfeedv2.controller.InventoryFeedController - [lambda$0] -(INFO) - Thread completed for file: CSV1.csv - 
2025-08-30 22:42:09,393 - com.litmus7.inventoryfeedv2.controller.InventoryFeedController - [lambda$0] -(INFO) - Thread completed for file: CSV3.csv - 
2025-08-30 22:58:24,082 - com.litmus7.inventoryfeedv2.controller.InventoryFeedController - [lambda$0] -(INFO) - Thread started for CSV3.csv - 
2025-08-30 22:58:24,082 - com.litmus7.inventoryfeedv2.controller.InventoryFeedController - [lambda$0] -(INFO) - Thread started for CSV1.csv - 
2025-08-30 22:58:24,082 - com.litmus7.inventoryfeedv2.controller.InventoryFeedController - [lambda$0] -(INFO) - Thread started for CSV2.csv - 
2025-08-30 22:58:24,593 - com.litmus7.inventoryfeedv2.dao.InventoryFeedDao - [addProductsInBatch] -(INFO) - Batch inserted successfully - 
2025-08-30 22:58:24,593 - com.litmus7.inventoryfeedv2.dao.InventoryFeedDao - [addProductsInBatch] -(INFO) - Batch inserted successfully - 
2025-08-30 22:58:24,593 - com.litmus7.inventoryfeedv2.dao.InventoryFeedDao - [addProductsInBatch] -(INFO) - Batch inserted successfully - 
2025-08-30 22:58:24,616 - com.litmus7.inventoryfeedv2.controller.InventoryFeedController - [lambda$0] -(INFO) - Thread completed for file: CSV2.csv - 
2025-08-30 22:58:24,616 - com.litmus7.inventoryfeedv2.controller.InventoryFeedController - [lambda$0] -(INFO) - Thread completed for file: CSV3.csv - 
2025-08-30 22:58:24,633 - com.litmus7.inventoryfeedv2.controller.InventoryFeedController - [lambda$0] -(INFO) - Thread completed for file: CSV1.csv - 
2025-08-30 22:59:08,685 - com.litmus7.inventoryfeedv2.controller.InventoryFeedController - [lambda$0] -(INFO) - Thread started for CSV2.csv - 
2025-08-30 22:59:08,685 - com.litmus7.inventoryfeedv2.controller.InventoryFeedController - [lambda$0] -(INFO) - Thread started for CSV1.csv - 
2025-08-30 22:59:08,685 - com.litmus7.inventoryfeedv2.controller.InventoryFeedController - [lambda$0] -(INFO) - Thread started for CSV3.csv - 
2025-08-30 22:59:09,178 - com.litmus7.inventoryfeedv2.dao.InventoryFeedDao - [addProductsInBatch] -(INFO) - Batch inserted successfully - 
2025-08-30 22:59:09,183 - com.litmus7.inventoryfeedv2.controller.InventoryFeedController - [lambda$0] -(INFO) - Thread completed for file: CSV3.csv - 
2025-08-30 22:59:09,589 - com.litmus7.inventoryfeedv2.dao.InventoryFeedDao - [addProductsInBatch] -(ERROR) - Failed batch insertion - 
java.sql.BatchUpdateException: Duplicate entry '103' for key 'product.PRIMARY'
	at com.mysql.cj.jdbc.exceptions.SQLError.createBatchUpdateException(SQLError.java:214) ~[mysql-connector-j-9.3.0.jar:9.3.0]
	at com.mysql.cj.jdbc.ClientPreparedStatement.executeBatchSerially(ClientPreparedStatement.java:885) ~[mysql-connector-j-9.3.0.jar:9.3.0]
	at com.mysql.cj.jdbc.ClientPreparedStatement.executeBatchInternal(ClientPreparedStatement.java:466) ~[mysql-connector-j-9.3.0.jar:9.3.0]
	at com.mysql.cj.jdbc.StatementImpl.executeBatch(StatementImpl.java:858) ~[mysql-connector-j-9.3.0.jar:9.3.0]
	at com.litmus7.inventoryfeedv2.dao.InventoryFeedDao.addProductsInBatch(InventoryFeedDao.java:34) ~[bin/:?]
	at com.litmus7.inventoryfeedv2.service.Service.loadAndSaveProducts(Service.java:44) ~[bin/:?]
	at com.litmus7.inventoryfeedv2.controller.InventoryFeedController.lambda$0(InventoryFeedController.java:34) ~[bin/:?]
	at java.lang.Thread.run(Thread.java:1583) [?:?]
Caused by: java.sql.SQLIntegrityConstraintViolationException: Duplicate entry '103' for key 'product.PRIMARY'
	at com.mysql.cj.jdbc.exceptions.SQLError.createSQLException(SQLError.java:109) ~[mysql-connector-j-9.3.0.jar:9.3.0]
	at com.mysql.cj.jdbc.exceptions.SQLExceptionsMapping.translateException(SQLExceptionsMapping.java:114) ~[mysql-connector-j-9.3.0.jar:9.3.0]
	at com.mysql.cj.jdbc.ClientPreparedStatement.executeInternal(ClientPreparedStatement.java:990) ~[mysql-connector-j-9.3.0.jar:9.3.0]
	at com.mysql.cj.jdbc.ClientPreparedStatement.executeUpdateInternal(ClientPreparedStatement.java:1168) ~[mysql-connector-j-9.3.0.jar:9.3.0]
	at com.mysql.cj.jdbc.ClientPreparedStatement.executeBatchSerially(ClientPreparedStatement.java:864) ~[mysql-connector-j-9.3.0.jar:9.3.0]
	... 6 more
2025-08-30 22:59:09,589 - com.litmus7.inventoryfeedv2.dao.InventoryFeedDao - [addProductsInBatch] -(ERROR) - Failed batch insertion - 
java.sql.BatchUpdateException: Duplicate entry '203' for key 'product.PRIMARY'
	at com.mysql.cj.jdbc.exceptions.SQLError.createBatchUpdateException(SQLError.java:214) ~[mysql-connector-j-9.3.0.jar:9.3.0]
	at com.mysql.cj.jdbc.ClientPreparedStatement.executeBatchSerially(ClientPreparedStatement.java:885) ~[mysql-connector-j-9.3.0.jar:9.3.0]
	at com.mysql.cj.jdbc.ClientPreparedStatement.executeBatchInternal(ClientPreparedStatement.java:466) ~[mysql-connector-j-9.3.0.jar:9.3.0]
	at com.mysql.cj.jdbc.StatementImpl.executeBatch(StatementImpl.java:858) ~[mysql-connector-j-9.3.0.jar:9.3.0]
	at com.litmus7.inventoryfeedv2.dao.InventoryFeedDao.addProductsInBatch(InventoryFeedDao.java:34) ~[bin/:?]
	at com.litmus7.inventoryfeedv2.service.Service.loadAndSaveProducts(Service.java:44) ~[bin/:?]
	at com.litmus7.inventoryfeedv2.controller.InventoryFeedController.lambda$0(InventoryFeedController.java:34) ~[bin/:?]
	at java.lang.Thread.run(Thread.java:1583) [?:?]
Caused by: java.sql.SQLIntegrityConstraintViolationException: Duplicate entry '203' for key 'product.PRIMARY'
	at com.mysql.cj.jdbc.exceptions.SQLError.createSQLException(SQLError.java:109) ~[mysql-connector-j-9.3.0.jar:9.3.0]
	at com.mysql.cj.jdbc.exceptions.SQLExceptionsMapping.translateException(SQLExceptionsMapping.java:114) ~[mysql-connector-j-9.3.0.jar:9.3.0]
	at com.mysql.cj.jdbc.ClientPreparedStatement.executeInternal(ClientPreparedStatement.java:990) ~[mysql-connector-j-9.3.0.jar:9.3.0]
	at com.mysql.cj.jdbc.ClientPreparedStatement.executeUpdateInternal(ClientPreparedStatement.java:1168) ~[mysql-connector-j-9.3.0.jar:9.3.0]
	at com.mysql.cj.jdbc.ClientPreparedStatement.executeBatchSerially(ClientPreparedStatement.java:864) ~[mysql-connector-j-9.3.0.jar:9.3.0]
	... 6 more
2025-09-10 16:07:57,128 - com.litmus7.inventoryfeedv2.service.Service - [lambda$0] -(INFO) - Thread started for CSV2.csv - 
2025-09-10 16:07:57,128 - com.litmus7.inventoryfeedv2.service.Service - [lambda$0] -(INFO) - Thread started for CSV1.csv - 
2025-09-10 16:07:57,128 - com.litmus7.inventoryfeedv2.service.Service - [lambda$0] -(INFO) - Thread started for CSV3.csv - 
2025-09-10 16:07:57,689 - com.litmus7.inventoryfeedv2.dao.InventoryFeedDao - [addProductsInBatch] -(INFO) - Batch inserted successfully - 
2025-09-10 16:07:57,689 - com.litmus7.inventoryfeedv2.dao.InventoryFeedDao - [addProductsInBatch] -(INFO) - Batch inserted successfully - 
2025-09-10 16:07:57,689 - com.litmus7.inventoryfeedv2.dao.InventoryFeedDao - [addProductsInBatch] -(INFO) - Batch inserted successfully - 
2025-09-10 16:07:57,720 - com.litmus7.inventoryfeedv2.service.Service - [lambda$0] -(INFO) - Thread completed for file: CSV3.csv - 
2025-09-10 16:07:57,720 - com.litmus7.inventoryfeedv2.service.Service - [lambda$0] -(INFO) - Thread completed for file: CSV2.csv - 
2025-09-10 16:07:57,736 - com.litmus7.inventoryfeedv2.service.Service - [lambda$0] -(INFO) - Thread completed for file: CSV1.csv - 
